<?xml version="1.0" encoding="UTF-8"?>
<!-- Generated by org.testng.reporters.JUnitReportReporter -->
<testsuite hostname="sys" name="testngPractise.DataProviders" tests="2" failures="0" timestamp="23 Mar 2016 21:56:40 GMT" time="0.040" errors="0">
  <testcase name="testData" time="0.032" classname="testngPractise.DataProviders"/>
  <testcase name="testData" time="0.008" classname="testngPractise.DataProviders"/>
</testsuite> <!-- testngPractise.DataProviders -->
