<?xml version="1.0" encoding="UTF-8"?>
<!-- Generated by org.testng.reporters.JUnitReportReporter -->
<testsuite hostname="sys" name="testngPractise.LoginTest" tests="4" failures="0" timestamp="24 Mar 2016 19:55:06 GMT" time="0.047" errors="0">
  <testcase name="testData" time="0.042" classname="testngPractise.LoginTest"/>
  <testcase name="testData" time="0.002" classname="testngPractise.LoginTest"/>
  <testcase name="testData1" time="0.001" classname="testngPractise.LoginTest"/>
  <testcase name="testData1" time="0.002" classname="testngPractise.LoginTest"/>
</testsuite> <!-- testngPractise.LoginTest -->
