<?xml version="1.0" encoding="UTF-8"?>
<!-- Generated by org.testng.reporters.JUnitReportReporter -->
<testsuite hostname="sys" name="testngPractise.Test_Param" tests="5" failures="0" timestamp="24 Mar 2016 20:05:33 GMT" time="0.015" errors="0">
  <testcase name="testParam" time="0.004" classname="testngPractise.Test_Param"/>
  <testcase name="testParam" time="0.002" classname="testngPractise.Test_Param"/>
  <testcase name="testParam" time="0.002" classname="testngPractise.Test_Param"/>
  <testcase name="testParam" time="0.005" classname="testngPractise.Test_Param"/>
  <testcase name="testParam" time="0.002" classname="testngPractise.Test_Param"/>
</testsuite> <!-- testngPractise.Test_Param -->
