<?xml version="1.0" encoding="UTF-8"?>
<!-- Generated by org.testng.reporters.JUnitReportReporter -->
<testsuite hostname="sys" name="testngPractise.MultipleDataProvidersTest" tests="4" failures="0" timestamp="24 Mar 2016 20:05:33 GMT" time="0.015" errors="0">
  <testcase name="testData" time="0.004" classname="testngPractise.MultipleDataProvidersTest"/>
  <testcase name="testData1" time="0.002" classname="testngPractise.MultipleDataProvidersTest"/>
  <testcase name="testData" time="0.007" classname="testngPractise.MultipleDataProvidersTest"/>
  <testcase name="testData1" time="0.002" classname="testngPractise.MultipleDataProvidersTest"/>
</testsuite> <!-- testngPractise.MultipleDataProvidersTest -->
