<?xml version="1.0" encoding="UTF-8"?>
<!-- Generated by org.testng.reporters.JUnitReportReporter -->
<testsuite hostname="sys" name="testngPractise.TestNG_Param" tests="2" failures="0" timestamp="24 Mar 2016 20:05:33 GMT" time="0.063" errors="0">
  <testcase name="test_param" time="0.061" classname="testngPractise.TestNG_Param"/>
  <testcase name="test_param" time="0.002" classname="testngPractise.TestNG_Param"/>
</testsuite> <!-- testngPractise.TestNG_Param -->
